<?xml version="1.0" encoding="UTF-8"?>
<!-- Generated by org.testng.reporters.JUnitXMLReporter -->
<testsuite hostname="Omers-MacBook-Pro.local" ignored="0" name="Default test" tests="15" failures="0" timestamp="2020-10-17T10:29:07 EDT" time="0.052" errors="0">
  <testcase name="createAdmin" time="0.005" classname="testngBasics.InvoctionCount"/>
  <testcase name="createAdmin" time="0.001" classname="testngBasics.InvoctionCount"/>
  <testcase name="createAdmin" time="0.001" classname="testngBasics.InvoctionCount"/>
  <testcase name="createAdmin" time="0.001" classname="testngBasics.InvoctionCount"/>
  <testcase name="createAdmin" time="0.001" classname="testngBasics.InvoctionCount"/>
  <testcase name="createAdmin" time="0.001" classname="testngBasics.InvoctionCount"/>
  <testcase name="createAdmin" time="0.001" classname="testngBasics.InvoctionCount"/>
  <testcase name="createAdmin" time="0.001" classname="testngBasics.InvoctionCount"/>
  <testcase name="createAdmin" time="0.001" classname="testngBasics.InvoctionCount"/>
  <testcase name="createAdmin" time="0.0" classname="testngBasics.InvoctionCount"/>
  <testcase name="createUser" time="0.001" classname="testngBasics.InvoctionCount"/>
  <testcase name="createUser" time="0.0" classname="testngBasics.InvoctionCount"/>
  <testcase name="createUser" time="0.001" classname="testngBasics.InvoctionCount"/>
  <testcase name="createUser" time="0.0" classname="testngBasics.InvoctionCount"/>
  <testcase name="createUser" time="0.001" classname="testngBasics.InvoctionCount"/>
</testsuite> <!-- Default test -->
