<?xml version="1.0" encoding="UTF-8"?>
<!-- Generated by org.testng.reporters.JUnitXMLReporter -->
<testsuite hostname="Omers-MacBook-Pro.local" ignored="0" name="Default test" tests="15" failures="0" timestamp="2021-01-05T09:28:35 EST" time="0.064" errors="0">
  <testcase name="createAdmin" time="0.007" classname="testngBasics.InvoctionCount"/>
  <testcase name="createAdmin" time="0.001" classname="testngBasics.InvoctionCount"/>
  <testcase name="createAdmin" time="0.001" classname="testngBasics.InvoctionCount"/>
  <testcase name="createAdmin" time="0.001" classname="testngBasics.InvoctionCount"/>
  <testcase name="createAdmin" time="0.001" classname="testngBasics.InvoctionCount"/>
  <testcase name="createAdmin" time="0.001" classname="testngBasics.InvoctionCount"/>
  <testcase name="createAdmin" time="0.001" classname="testngBasics.InvoctionCount"/>
  <testcase name="createAdmin" time="0.001" classname="testngBasics.InvoctionCount"/>
  <testcase name="createAdmin" time="0.001" classname="testngBasics.InvoctionCount"/>
  <testcase name="createAdmin" time="0.001" classname="testngBasics.InvoctionCount"/>
  <testcase name="createUser" time="0.0" classname="testngBasics.InvoctionCount"/>
  <testcase name="createUser" time="0.001" classname="testngBasics.InvoctionCount"/>
  <testcase name="createUser" time="0.0" classname="testngBasics.InvoctionCount"/>
  <testcase name="createUser" time="0.0" classname="testngBasics.InvoctionCount"/>
  <testcase name="createUser" time="0.0" classname="testngBasics.InvoctionCount"/>
</testsuite> <!-- Default test -->
