<?xml version="1.0" encoding="UTF-8"?>
<testng-results skipped="0" failed="0" ignored="0" total="15" passed="15">
  <reporter-output>
  </reporter-output>
  <suite name="Default suite" duration-ms="64" started-at="2021-01-05T09:28:35 EST" finished-at="2021-01-05T09:28:35 EST">
    <groups>
    </groups>
    <test name="Default test" duration-ms="64" started-at="2021-01-05T09:28:35 EST" finished-at="2021-01-05T09:28:35 EST">
      <class name="testngBasics.InvoctionCount">
        <test-method status="PASS" signature="createAdmin()[pri:0, instance:testngBasics.InvoctionCount@6e2c9341]" name="createAdmin" duration-ms="7" started-at="2021-01-05T09:28:35 EST" finished-at="2021-01-05T09:28:35 EST">
          <reporter-output>
          </reporter-output>
        </test-method> <!-- createAdmin -->
        <test-method status="PASS" signature="createAdmin()[pri:0, instance:testngBasics.InvoctionCount@6e2c9341]" name="createAdmin" duration-ms="1" started-at="2021-01-05T09:28:35 EST" finished-at="2021-01-05T09:28:35 EST">
          <reporter-output>
          </reporter-output>
        </test-method> <!-- createAdmin -->
        <test-method status="PASS" signature="createAdmin()[pri:0, instance:testngBasics.InvoctionCount@6e2c9341]" name="createAdmin" duration-ms="1" started-at="2021-01-05T09:28:35 EST" finished-at="2021-01-05T09:28:35 EST">
          <reporter-output>
          </reporter-output>
        </test-method> <!-- createAdmin -->
        <test-method status="PASS" signature="createAdmin()[pri:0, instance:testngBasics.InvoctionCount@6e2c9341]" name="createAdmin" duration-ms="1" started-at="2021-01-05T09:28:35 EST" finished-at="2021-01-05T09:28:35 EST">
          <reporter-output>
          </reporter-output>
        </test-method> <!-- createAdmin -->
        <test-method status="PASS" signature="createAdmin()[pri:0, instance:testngBasics.InvoctionCount@6e2c9341]" name="createAdmin" duration-ms="1" started-at="2021-01-05T09:28:35 EST" finished-at="2021-01-05T09:28:35 EST">
          <reporter-output>
          </reporter-output>
        </test-method> <!-- createAdmin -->
        <test-method status="PASS" signature="createAdmin()[pri:0, instance:testngBasics.InvoctionCount@6e2c9341]" name="createAdmin" duration-ms="1" started-at="2021-01-05T09:28:35 EST" finished-at="2021-01-05T09:28:35 EST">
          <reporter-output>
          </reporter-output>
        </test-method> <!-- createAdmin -->
        <test-method status="PASS" signature="createAdmin()[pri:0, instance:testngBasics.InvoctionCount@6e2c9341]" name="createAdmin" duration-ms="1" started-at="2021-01-05T09:28:35 EST" finished-at="2021-01-05T09:28:35 EST">
          <reporter-output>
          </reporter-output>
        </test-method> <!-- createAdmin -->
        <test-method status="PASS" signature="createAdmin()[pri:0, instance:testngBasics.InvoctionCount@6e2c9341]" name="createAdmin" duration-ms="1" started-at="2021-01-05T09:28:35 EST" finished-at="2021-01-05T09:28:35 EST">
          <reporter-output>
          </reporter-output>
        </test-method> <!-- createAdmin -->
        <test-method status="PASS" signature="createAdmin()[pri:0, instance:testngBasics.InvoctionCount@6e2c9341]" name="createAdmin" duration-ms="1" started-at="2021-01-05T09:28:35 EST" finished-at="2021-01-05T09:28:35 EST">
          <reporter-output>
          </reporter-output>
        </test-method> <!-- createAdmin -->
        <test-method status="PASS" signature="createAdmin()[pri:0, instance:testngBasics.InvoctionCount@6e2c9341]" name="createAdmin" duration-ms="1" started-at="2021-01-05T09:28:35 EST" finished-at="2021-01-05T09:28:35 EST">
          <reporter-output>
          </reporter-output>
        </test-method> <!-- createAdmin -->
        <test-method status="PASS" signature="createUser()[pri:0, instance:testngBasics.InvoctionCount@6e2c9341]" name="createUser" duration-ms="0" started-at="2021-01-05T09:28:35 EST" finished-at="2021-01-05T09:28:35 EST">
          <reporter-output>
          </reporter-output>
        </test-method> <!-- createUser -->
        <test-method status="PASS" signature="createUser()[pri:0, instance:testngBasics.InvoctionCount@6e2c9341]" name="createUser" duration-ms="1" started-at="2021-01-05T09:28:35 EST" finished-at="2021-01-05T09:28:35 EST">
          <reporter-output>
          </reporter-output>
        </test-method> <!-- createUser -->
        <test-method status="PASS" signature="createUser()[pri:0, instance:testngBasics.InvoctionCount@6e2c9341]" name="createUser" duration-ms="0" started-at="2021-01-05T09:28:35 EST" finished-at="2021-01-05T09:28:35 EST">
          <reporter-output>
          </reporter-output>
        </test-method> <!-- createUser -->
        <test-method status="PASS" signature="createUser()[pri:0, instance:testngBasics.InvoctionCount@6e2c9341]" name="createUser" duration-ms="0" started-at="2021-01-05T09:28:35 EST" finished-at="2021-01-05T09:28:35 EST">
          <reporter-output>
          </reporter-output>
        </test-method> <!-- createUser -->
        <test-method status="PASS" signature="createUser()[pri:0, instance:testngBasics.InvoctionCount@6e2c9341]" name="createUser" duration-ms="0" started-at="2021-01-05T09:28:35 EST" finished-at="2021-01-05T09:28:35 EST">
          <reporter-output>
          </reporter-output>
        </test-method> <!-- createUser -->
      </class> <!-- testngBasics.InvoctionCount -->
    </test> <!-- Default test -->
  </suite> <!-- Default suite -->
</testng-results>
